[    0.000000] Linux version 4.15.0-212-generic (buildd@lcy02-amd64-083) (gcc version 7.5.0 (Ubuntu 7.5.0-3ubuntu1~18.04)) #223-Ubuntu SMP Tue May 23 13:09:22 UTC 2023 (Ubuntu 4.15.0-212.223-generic 4.15.18)
[    0.000000] Command line: BOOT_IMAGE=/boot/vmlinuz-4.15.0-212-generic root=LABEL=cloudimg-rootfs ro console=tty1 console=ttyS0
[    0.000000] KERNEL supported cpus:
[    0.000000]   Intel GenuineIntel
[    0.000000]   AMD AuthenticAMD
[    0.000000]   Centaur CentaurHauls
[    0.000000] [Firmware Bug]: TSC doesn't count with P0 frequency!
[    0.000000] x86/fpu: x87 FPU will use FXSAVE
[    0.000000] e820: BIOS-provided physical RAM map:
[    0.000000] BIOS-e820: [mem 0x0000000000000000-0x000000000009fbff] usable
[    0.000000] BIOS-e820: [mem 0x000000000009fc00-0x000000000009ffff] reserved
[    0.000000] BIOS-e820: [mem 0x00000000000f0000-0x00000000000fffff] reserved
[    0.000000] BIOS-e820: [mem 0x0000000000100000-0x000000003ffeffff] usable
[    0.000000] BIOS-e820: [mem 0x000000003fff0000-0x000000003fffffff] ACPI data
[    0.000000] BIOS-e820: [mem 0x00000000fec00000-0x00000000fec00fff] reserved
[    0.000000] BIOS-e820: [mem 0x00000000fee00000-0x00000000fee00fff] reserved
[    0.000000] BIOS-e820: [mem 0x00000000fffc0000-0x00000000ffffffff] reserved
[    0.000000] NX (Execute Disable) protection: active
[    0.000000] SMBIOS 2.5 present.
[    0.000000] DMI: innotek GmbH VirtualBox/VirtualBox, BIOS VirtualBox 12/01/2006
[    0.000000] Hypervisor detected: KVM
[    0.000000] e820: last_pfn = 0x3fff0 max_arch_pfn = 0x400000000
[    0.000000] MTRR: Disabled
[    0.000000] x86/PAT: MTRRs disabled, skipping PAT initialization too.
[    0.000000] CPU MTRRs all blank - virtualized system.
[    0.000000] x86/PAT: Configuration [0-7]: WB  WT  UC- UC  WB  WT  UC- UC  
[    0.000000] found SMP MP-table at [mem 0x0009fff0-0x0009ffff]
[    0.000000] Scanning 1 areas for low memory corruption
[    0.000000] RAMDISK: [mem 0x359cb000-0x36cdcfff]
[    0.000000] ACPI: Early table checksum verification disabled
[    0.000000] ACPI: RSDP 0x00000000000E0000 000024 (v02 VBOX  )
[    0.000000] ACPI: XSDT 0x000000003FFF0030 00003C (v01 VBOX   VBOXXSDT 00000001 ASL  00000061)
[    0.000000] ACPI: FACP 0x000000003FFF00F0 0000F4 (v04 VBOX   VBOXFACP 00000001 ASL  00000061)
[    0.000000] ACPI: DSDT 0x000000003FFF0470 002325 (v02 VBOX   VBOXBIOS 00000002 INTL 20100528)
[    0.000000] ACPI: FACS 0x000000003FFF0200 000040
[    0.000000] ACPI: FACS 0x000000003FFF0200 000040
[    0.000000] ACPI: APIC 0x000000003FFF0240 00005C (v02 VBOX   VBOXAPIC 00000001 ASL  00000061)
[    0.000000] ACPI: SSDT 0x000000003FFF02A0 0001CC (v01 VBOX   VBOXCPUT 00000002 INTL 20100528)
[    0.000000] ACPI: Reserving FACP table memory at [mem 0x3fff00f0-0x3fff01e3]
[    0.000000] ACPI: Reserving DSDT table memory at [mem 0x3fff0470-0x3fff2794]
[    0.000000] ACPI: Reserving FACS table memory at [mem 0x3fff0200-0x3fff023f]
[    0.000000] ACPI: Reserving FACS table memory at [mem 0x3fff0200-0x3fff023f]
[    0.000000] ACPI: Reserving APIC table memory at [mem 0x3fff0240-0x3fff029b]
[    0.000000] ACPI: Reserving SSDT table memory at [mem 0x3fff02a0-0x3fff046b]
[    0.000000] No NUMA configuration found
[    0.000000] Faking a node at [mem 0x0000000000000000-0x000000003ffeffff]
[    0.000000] NODE_DATA(0) allocated [mem 0x3ffc5000-0x3ffeffff]
[    0.000000] kvm-clock: cpu 0, msr 0:3ff44001, primary cpu clock
[    0.000000] kvm-clock: Using msrs 4b564d01 and 4b564d00
[    0.000000] kvm-clock: using sched offset of 4658944629 cycles
[    0.000000] clocksource: kvm-clock: mask: 0xffffffffffffffff max_cycles: 0x1cd42e4dffb, max_idle_ns: 881590591483 ns
[    0.000000] Zone ranges:
[    0.000000]   DMA      [mem 0x0000000000001000-0x0000000000ffffff]
[    0.000000]   DMA32    [mem 0x0000000001000000-0x000000003ffeffff]
[    0.000000]   Normal   empty
[    0.000000]   Device   empty
[    0.000000] Movable zone start for each node
[    0.000000] Early memory node ranges
[    0.000000]   node   0: [mem 0x0000000000001000-0x000000000009efff]
[    0.000000]   node   0: [mem 0x0000000000100000-0x000000003ffeffff]
[    0.000000] Reserved but unavailable: 104 pages
[    0.000000] Initmem setup node 0 [mem 0x0000000000001000-0x000000003ffeffff]
[    0.000000] ACPI: PM-Timer IO Port: 0x4008
[    0.000000] IOAPIC[0]: apic_id 2, version 32, address 0xfec00000, GSI 0-23
[    0.000000] ACPI: INT_SRC_OVR (bus 0 bus_irq 0 global_irq 2 dfl dfl)
[    0.000000] ACPI: INT_SRC_OVR (bus 0 bus_irq 9 global_irq 9 low level)
[    0.000000] Using ACPI (MADT) for SMP configuration information
[    0.000000] smpboot: Allowing 2 CPUs, 0 hotplug CPUs
[    0.000000] PM: Registered nosave memory: [mem 0x00000000-0x00000fff]
[    0.000000] PM: Registered nosave memory: [mem 0x0009f000-0x0009ffff]
[    0.000000] PM: Registered nosave memory: [mem 0x000a0000-0x000effff]
[    0.000000] PM: Registered nosave memory: [mem 0x000f0000-0x000fffff]
[    0.000000] e820: [mem 0x40000000-0xfebfffff] available for PCI devices
[    0.000000] Booting paravirtualized kernel on KVM
[    0.000000] clocksource: refined-jiffies: mask: 0xffffffff max_cycles: 0xffffffff, max_idle_ns: 7645519600211568 ns
[    0.000000] setup_percpu: NR_CPUS:8192 nr_cpumask_bits:2 nr_cpu_ids:2 nr_node_ids:1
[    0.000000] percpu: Embedded 50 pages/cpu s167936 r8192 d28672 u1048576
[    0.000000] PV qspinlock hash table entries: 256 (order: 0, 4096 bytes)
[    0.000000] Built 1 zonelists, mobility grouping on.  Total pages: 257913
[    0.000000] Policy zone: DMA32
[    0.000000] Kernel command line: BOOT_IMAGE=/boot/vmlinuz-4.15.0-212-generic root=LABEL=cloudimg-rootfs ro console=tty1 console=ttyS0
[    0.000000] Memory: 982644K/1048120K available (12300K kernel code, 2477K rwdata, 4324K rodata, 2480K init, 2720K bss, 65476K reserved, 0K cma-reserved)
[    0.000000] SLUB: HWalign=64, Order=0-3, MinObjects=0, CPUs=2, Nodes=1
[    0.000000] ftrace: allocating 39508 entries in 155 pages
[    0.004000] Hierarchical RCU implementation.
[    0.004000] 	RCU restricting CPUs from NR_CPUS=8192 to nr_cpu_ids=2.
[    0.004000] 	Tasks RCU enabled.
[    0.004000] RCU: Adjusting geometry for rcu_fanout_leaf=16, nr_cpu_ids=2
[    0.004000] NR_IRQS: 524544, nr_irqs: 440, preallocated irqs: 16
[    0.004000] Console: colour VGA+ 80x25
[    0.004000] console [tty1] enabled
[    0.004000] console [ttyS0] enabled
[    0.004000] ACPI: Core revision 20170831
[    0.004000] ACPI: 2 ACPI AML tables successfully acquired and loaded
[    0.004000] APIC: Switch to symmetric I/O mode setup
[    0.004000] ..TIMER: vector=0x30 apic1=0 pin1=2 apic2=-1 pin2=-1
[    0.004006] tsc: Detected 3693.130 MHz processor
[    0.008009] Calibrating delay loop (skipped) preset value.. 7386.26 BogoMIPS (lpj=14772520)
[    0.012005] pid_max: default: 32768 minimum: 301
[    0.016134] Security Framework initialized
[    0.020004] Yama: becoming mindful.
[    0.024170] AppArmor: AppArmor initialized
[    0.037049] Dentry cache hash table entries: 131072 (order: 8, 1048576 bytes)
[    0.045322] Inode-cache hash table entries: 65536 (order: 7, 524288 bytes)
[    0.048148] Mount-cache hash table entries: 2048 (order: 2, 16384 bytes)
[    0.052133] Mountpoint-cache hash table entries: 2048 (order: 2, 16384 bytes)
[    0.057816] Last level iTLB entries: 4KB 1024, 2MB 1024, 4MB 512
[    0.060003] Last level dTLB entries: 4KB 1536, 2MB 1536, 4MB 768, 1GB 0
[    0.064004] Spectre V1 : Mitigation: usercopy/swapgs barriers and __user pointer sanitization
[    0.068005] Spectre V2 : Mitigation: Retpolines
[    0.072002] Spectre V2 : Spectre v2 / SpectreRSB mitigation: Filling RSB on context switch
[    0.076002] Spectre V2 : Spectre v2 / SpectreRSB : Filling RSB on VMEXIT
[    0.080004] RETBleed: Vulnerable
[    0.084191] Freeing SMP alternatives memory: 36K
[    0.201174] smpboot: CPU0: AMD Ryzen 7 2700X Eight-Core Processor (family: 0x17, model: 0x8, stepping: 0x2)
[    0.204875] Performance Events: PMU not available due to virtualization, using software events only.
[    0.208179] Hierarchical SRCU implementation.
[    0.213013] NMI watchdog: Perf event create on CPU 0 failed with -2
[    0.216003] NMI watchdog: Perf NMI watchdog permanently disabled
[    0.220678] smp: Bringing up secondary CPUs ...
[    0.228919] x86: Booting SMP configuration:
[    0.232003] .... node  #0, CPUs:      #1
[    0.004000] kvm-clock: cpu 1, msr 0:3ff44041, secondary cpu clock
[    0.246306] TSC synchronization [CPU#0 -> CPU#1]:
[    0.248000] Measured 89478 cycles TSC warp between CPUs, turning off TSC clock.
[    0.248000] tsc: Marking TSC unstable due to check_tsc_sync_source failed
[    0.252348] smp: Brought up 1 node, 2 CPUs
[    0.256006] smpboot: Max logical packages: 1
[    0.260004] smpboot: Total of 2 processors activated (14772.52 BogoMIPS)
[    0.268305] devtmpfs: initialized
[    0.272770] x86/mm: Memory block size: 128MB
[    0.280712] evm: security.selinux
[    0.284003] evm: security.SMACK64
[    0.292003] evm: security.SMACK64EXEC
[    0.296002] evm: security.SMACK64TRANSMUTE
[    0.304003] evm: security.SMACK64MMAP
[    0.308002] evm: security.apparmor
[    0.312003] evm: security.ima
[    0.320003] evm: security.capability
[    0.328134] clocksource: jiffies: mask: 0xffffffff max_cycles: 0xffffffff, max_idle_ns: 7645041785100000 ns
[    0.332011] futex hash table entries: 512 (order: 3, 32768 bytes)
[    0.336562] pinctrl core: initialized pinctrl subsystem
[    0.340558] RTC time: 19:06:54, date: 05/14/24
[    0.345453] NET: Registered protocol family 16
[    0.348247] audit: initializing netlink subsys (disabled)
[    0.352454] audit: type=2000 audit(1715713620.271:1): state=initialized audit_enabled=0 res=1
[    0.356130] cpuidle: using governor ladder
[    0.364086] cpuidle: using governor menu
[    0.373341] ACPI: bus type PCI registered
[    0.380005] acpiphp: ACPI Hot Plug PCI Controller Driver version: 0.5
[    0.388814] PCI: Using configuration type 1 for base access
[    0.396007] PCI: Using configuration type 1 for extended access
[    0.408694] HugeTLB registered 2.00 MiB page size, pre-allocated 0 pages
[    0.420472] ACPI: Added _OSI(Module Device)
[    0.428005] ACPI: Added _OSI(Processor Device)
[    0.432000] ACPI: Added _OSI(3.0 _SCP Extensions)
[    0.432003] ACPI: Added _OSI(Processor Aggregator Device)
[    0.436135] ACPI: Added _OSI(Linux-Dell-Video)
[    0.440004] ACPI: Added _OSI(Linux-Lenovo-NV-HDMI-Audio)
[    0.444003] ACPI: Added _OSI(Linux-HPI-Hybrid-Graphics)
[    0.449161] ACPI: Executed 1 blocks of module-level executable AML code
[    0.456938] ACPI: Interpreter enabled
[    0.460013] ACPI: (supports S0 S5)
[    0.464003] ACPI: Using IOAPIC for interrupt routing
[    0.468474] PCI: Using host bridge windows from ACPI; if necessary, use "pci=nocrs" and report a bug
[    0.472281] ACPI: Enabled 2 GPEs in block 00 to 07
[    0.488386] ACPI: PCI Root Bridge [PCI0] (domain 0000 [bus 00-ff])
[    0.492008] acpi PNP0A03:00: _OSC: OS supports [ExtendedConfig ASPM ClockPM Segments MSI]
[    0.497818] acpi PNP0A03:00: _OSC: platform does not support [PCIeCapability]
[    0.500874] acpi PNP0A03:00: _OSC: not requesting control; platform does not support [PCIeCapability]
[    0.504004] acpi PNP0A03:00: _OSC: OS requested [PCIeHotplug PME AER PCIeCapability]
[    0.512006] acpi PNP0A03:00: _OSC: platform willing to grant [PCIeHotplug PME AER]
[    0.516004] acpi PNP0A03:00: _OSC failed (AE_SUPPORT); disabling ASPM
[    0.520960] PCI host bridge to bus 0000:00
[    0.524005] pci_bus 0000:00: root bus resource [io  0x0000-0x0cf7 window]
[    0.528004] pci_bus 0000:00: root bus resource [io  0x0d00-0xffff window]
[    0.532004] pci_bus 0000:00: root bus resource [mem 0x000a0000-0x000bffff window]
[    0.536004] pci_bus 0000:00: root bus resource [mem 0x40000000-0xfdffffff window]
[    0.540004] pci_bus 0000:00: root bus resource [bus 00-ff]
[    0.552273] pci 0000:00:01.1: legacy IDE quirk: reg 0x10: [io  0x01f0-0x01f7]
[    0.556004] pci 0000:00:01.1: legacy IDE quirk: reg 0x14: [io  0x03f6]
[    0.560005] pci 0000:00:01.1: legacy IDE quirk: reg 0x18: [io  0x0170-0x0177]
[    0.564004] pci 0000:00:01.1: legacy IDE quirk: reg 0x1c: [io  0x0376]
[    0.591585] pci 0000:00:07.0: quirk: [io  0x4000-0x403f] claimed by PIIX4 ACPI
[    0.592045] pci 0000:00:07.0: quirk: [io  0x4100-0x410f] claimed by PIIX4 SMB
[    0.606435] ACPI: PCI Interrupt Link [LNKA] (IRQs 5 9 10 *11)
[    0.608637] ACPI: PCI Interrupt Link [LNKB] (IRQs 5 9 *10 11)
[    0.612246] ACPI: PCI Interrupt Link [LNKC] (IRQs 5 *9 10 11)
[    0.616292] ACPI: PCI Interrupt Link [LNKD] (IRQs 5 9 10 *11)
[    0.620884] SCSI subsystem initialized
[    0.628557] pci 0000:00:02.0: vgaarb: setting as boot VGA device
[    0.632000] pci 0000:00:02.0: vgaarb: VGA device added: decodes=io+mem,owns=io+mem,locks=none
[    0.632005] pci 0000:00:02.0: vgaarb: bridge control possible
[    0.640004] vgaarb: loaded
[    0.643079] ACPI: bus type USB registered
[    0.644127] usbcore: registered new interface driver usbfs
[    0.648012] usbcore: registered new interface driver hub
[    0.652052] usbcore: registered new device driver usb
[    0.660346] EDAC MC: Ver: 3.0.0
[    0.668625] PCI: Using ACPI for IRQ routing
[    0.676596] NetLabel: Initializing
[    0.680003] NetLabel:  domain hash size = 128
[    0.688003] NetLabel:  protocols = UNLABELED CIPSOv4 CALIPSO
[    0.696017] NetLabel:  unlabeled traffic allowed by default
[    0.704280] clocksource: Switched to clocksource kvm-clock
[    0.714133] VFS: Disk quotas dquot_6.6.0
[    0.714133] VFS: Dquot-cache hash table entries: 512 (order 0, 4096 bytes)
[    0.714133] AppArmor: AppArmor Filesystem Enabled
[    0.714133] pnp: PnP ACPI init
[    0.714133] pnp: PnP ACPI: found 3 devices
[    0.854047] clocksource: acpi_pm: mask: 0xffffff max_cycles: 0xffffff, max_idle_ns: 2085701024 ns
[    0.857053] NET: Registered protocol family 2
[    0.857053] IP idents hash table entries: 16384 (order: 5, 131072 bytes)
[    0.876527] TCP established hash table entries: 8192 (order: 4, 65536 bytes)
[    0.884853] TCP bind hash table entries: 8192 (order: 5, 131072 bytes)
[    0.888221] TCP: Hash tables configured (established 8192 bind 8192)
[    0.888221] UDP hash table entries: 512 (order: 2, 16384 bytes)
[    0.888221] UDP-Lite hash table entries: 512 (order: 2, 16384 bytes)
[    0.888221] NET: Registered protocol family 1
[    0.888221] pci 0000:00:00.0: Limiting direct PCI/PCI transfers
[    0.888221] pci 0000:00:01.0: Activating ISA DMA hang workarounds
[    0.888221] pci 0000:00:02.0: Video device with shadowed ROM at [mem 0x000c0000-0x000dffff]
[    0.888221] Unpacking initramfs...
[    1.640561] Freeing initrd memory: 19528K
[    1.644953] clocksource: tsc: mask: 0xffffffffffffffff max_cycles: 0x6a77f9230f3, max_idle_ns: 881591182152 ns
[    1.655618] platform rtc_cmos: registered platform RTC device (no PNP device found)
[    1.663972] Scanning for low memory corruption every 60 seconds
[    1.672764] Initialise system trusted keyrings
[    1.677565] Key type blacklist registered
[    1.682636] workingset: timestamp_bits=36 max_order=18 bucket_order=0
[    1.693709] zbud: loaded
[    1.699329] squashfs: version 4.0 (2009/01/31) Phillip Lougher
[    1.706972] fuse init (API version 7.26)
[    1.744952] Key type asymmetric registered
[    1.749746] Asymmetric key parser 'x509' registered
[    1.755346] Block layer SCSI generic (bsg) driver version 0.4 loaded (major 246)
[    1.764352] io scheduler noop registered
[    1.768946] io scheduler deadline registered
[    1.773958] io scheduler cfq registered (default)
[    1.780657] ACPI: AC Adapter [AC] (on-line)
[    1.785928] input: Power Button as /devices/LNXSYSTM:00/LNXPWRBN:00/input/input0
[    1.794521] ACPI: Power Button [PWRF]
[    1.799161] input: Sleep Button as /devices/LNXSYSTM:00/LNXSLPBN:00/input/input1
[    1.807428] ACPI: Sleep Button [SLPF]
[    1.814066] Serial: 8250/16550 driver, 32 ports, IRQ sharing enabled
[    1.848759] 00:02: ttyS0 at I/O 0x3f8 (irq = 4, base_baud = 115200) is a 16550A
[    1.875798] Linux agpgart interface v0.103
[    1.896706] loop: module loaded
[    1.904836] scsi host0: ata_piix
[    1.911312] scsi host1: ata_piix
[    1.915054] ata1: PATA max UDMA/33 cmd 0x1f0 ctl 0x3f6 bmdma 0xd000 irq 14
[    1.918906] ata2: PATA max UDMA/33 cmd 0x170 ctl 0x376 bmdma 0xd008 irq 15
[    1.930880] tun: Universal TUN/TAP device driver, 1.6
[    1.937343] PPP generic driver version 2.4.2
[    1.943348] ehci_hcd: USB 2.0 'Enhanced' Host Controller (EHCI) Driver
[    1.950518] ehci-pci: EHCI PCI platform driver
[    1.955313] ehci-platform: EHCI generic platform driver
[    1.961007] ohci_hcd: USB 1.1 'Open' Host Controller (OHCI) Driver
[    1.967747] ohci-pci: OHCI PCI platform driver
[    1.972981] ohci-platform: OHCI generic platform driver
[    1.978571] uhci_hcd: USB Universal Host Controller Interface driver
[    1.985508] i8042: PNP: PS/2 Controller [PNP0303:PS2K,PNP0f03:PS2M] at 0x60,0x64 irq 1,12
[    1.997822] serio: i8042 KBD port at 0x60,0x64 irq 1
[    2.000291] serio: i8042 AUX port at 0x60,0x64 irq 12
[    2.009570] mousedev: PS/2 mouse device common for all mice
[    2.020511] input: AT Translated Set 2 keyboard as /devices/platform/i8042/serio0/input/input2
[    2.024969] rtc_cmos rtc_cmos: rtc core: registered rtc_cmos as rtc0
[    2.037393] rtc_cmos rtc_cmos: alarms up to one day, 114 bytes nvram
[    2.044484] i2c /dev entries driver
[    2.048870] device-mapper: uevent: version 1.0.3
[    2.055078] device-mapper: ioctl: 4.37.0-ioctl (2017-09-20) initialised: dm-devel@redhat.com
[    2.064487] ledtrig-cpu: registered to indicate activity on CPUs
[    2.073735] NET: Registered protocol family 10
[    2.093218] Segment Routing with IPv6
[    2.097551] NET: Registered protocol family 17
[    2.102522] Key type dns_resolver registered
[    2.150528] mce: Using 0 MCE banks
[    2.155015] RAS: Correctable Errors collector initialized.
[    2.161171] sched_clock: Marking stable (2161108676, 0)->(3084280227, -923171551)
[    2.175633] registered taskstats version 1
[    2.180178] Loading compiled-in X.509 certificates
[    2.189198] Loaded X.509 cert 'Build time autogenerated kernel key: b5b26778eaa3ab3a4a6cee031137706e947d12ad'
[    2.200301] Loaded X.509 cert 'Canonical Ltd. Live Patch Signing: 14df34d1a87cf37625abec039ef2bf521249b969'
[    2.211124] Loaded X.509 cert 'Canonical Ltd. Kernel Module Signing: 88f752e560a1e0737e31163a466ad7b70a850c19'
[    2.221977] blacklist: Loading compiled-in revocation X.509 certificates
[    2.229577] Loaded X.509 cert 'Canonical Ltd. Secure Boot Signing: 61482aa2830d0ab2ad5af10b7250da9033ddcef0'
[    2.240225] Loaded X.509 cert 'Canonical Ltd. Secure Boot Signing (2017): 242ade75ac4a15e50d50c84b0d45ff3eae707a03'
[    2.251151] Loaded X.509 cert 'Canonical Ltd. Secure Boot Signing (ESM 2018): 365188c1d374d6b07c3c8f240f8ef722433d6a8b'
[    2.262697] Loaded X.509 cert 'Canonical Ltd. Secure Boot Signing (2019): c0746fd6c5da3ae827864651ad66ae47fe24b3e8'
[    2.273976] Loaded X.509 cert 'Canonical Ltd. Secure Boot Signing (2021 v1): a8d54bbb3825cfb94fa13c9f8a594a195c107b8d'
[    2.285234] Loaded X.509 cert 'Canonical Ltd. Secure Boot Signing (2021 v2): 4cf046892d6fd3c9a5b03f98d845f90851dc6a8c'
[    2.296752] Loaded X.509 cert 'Canonical Ltd. Secure Boot Signing (2021 v3): 100437bb6de6e469b581e61cd66bce3ef4ed53af'
[    2.308119] Loaded X.509 cert 'Canonical Ltd. Secure Boot Signing (Ubuntu Core 2019): c1d57b8f6b743f23ee41f4f7ee292f06eecadfb9'
[    2.320531] zswap: loaded using pool lzo/zbud
[    2.337305] Key type big_key registered
[    2.341924] Key type trusted registered
[    2.351611] Key type encrypted registered
[    2.356726] AppArmor: AppArmor sha1 policy hashing enabled
[    2.362773] ima: No TPM chip found, activating TPM-bypass! (rc=-19)
[    2.369832] ima: Allocated hash algorithm: sha1
[    2.375526] evm: HMAC attrs: 0x1
[    2.380347]   Magic number: 8:127:142
[    2.385769] rtc_cmos rtc_cmos: setting system clock to 2024-05-14 19:06:56 UTC (1715713616)
[    2.395442] BIOS EDD facility v0.16 2004-Jun-25, 0 devices found
[    2.402279] EDD information not available.
[    2.410761] Freeing unused kernel image memory: 2480K
[    2.447066] Write protecting the kernel read-only data: 20480k
[    2.454840] Freeing unused kernel image memory: 2008K
[    2.461196] Freeing unused kernel image memory: 1820K
[    2.473265] x86/mm: Checked W+X mappings: passed, no W+X pages found.
Loading, please wait...
starting version 237
[    2.565630] e1000: Intel(R) PRO/1000 Network Driver - version 7.3.21-k8-NAPI
[    2.573869] e1000: Copyright (c) 1999-2006 Intel Corporation.
[    2.580811] Fusion MPT base driver 3.04.20
[    2.586186] Copyright (c) 1999-2008 LSI Corporation
[    2.601012] Fusion MPT SPI Host driver 3.04.20
[    2.837196] input: ImExPS/2 Generic Explorer Mouse as /devices/platform/i8042/serio1/input/input4
[    3.320528] e1000 0000:00:03.0 eth0: (PCI:33MHz:32-bit) 02:3b:7b:b7:3b:2d
[    3.327806] e1000 0000:00:03.0 eth0: Intel(R) PRO/1000 Network Connection
[    3.337700] mptbase: ioc0: Initiating bringup
[    3.338594] e1000 0000:00:03.0 enp0s3: renamed from eth0
[    3.442305] ioc0: LSI53C1030 A0: Capabilities={Initiator}
[    3.702726] scsi host2: ioc0: LSI53C1030 A0, FwRev=00000000h, Ports=1, MaxQ=256, IRQ=20
[    3.881748] scsi 2:0:0:0: Direct-Access     VBOX     HARDDISK         1.0  PQ: 0 ANSI: 5
[    3.920086] scsi target2:0:0: Beginning Domain Validation
[    3.932230] scsi target2:0:0: Domain Validation skipping write tests
[    3.938646] scsi target2:0:0: Ending Domain Validation
[    3.944264] scsi target2:0:0: asynchronous
[    3.950351] scsi 2:0:1:0: Direct-Access     VBOX     HARDDISK         1.0  PQ: 0 ANSI: 5
[    4.252086] scsi target2:0:1: Beginning Domain Validation
[    4.263739] scsi target2:0:1: Domain Validation skipping write tests
[    4.270379] scsi target2:0:1: Ending Domain Validation
[    4.276038] scsi target2:0:1: asynchronous
[    4.291358] sd 2:0:0:0: Attached scsi generic sg0 type 0
[    4.298463] sd 2:0:1:0: Attached scsi generic sg1 type 0
[    4.298937] sd 2:0:1:0: [sdb] 20480 512-byte logical blocks: (10.5 MB/10.0 MiB)
[    4.313370] sd 2:0:0:0: [sda] 83886080 512-byte logical blocks: (42.9 GB/40.0 GiB)
[    4.313567] sd 2:0:1:0: [sdb] Write Protect is off
[    4.327428] sd 2:0:0:0: [sda] Write Protect is off
[    4.327908] sd 2:0:1:0: [sdb] Incomplete mode parameter data
[    4.338907] sd 2:0:1:0: [sdb] Assuming drive cache: write through
[    4.346303] sd 2:0:0:0: [sda] Incomplete mode parameter data
[    4.352798] sd 2:0:0:0: [sda] Assuming drive cache: write through
[    4.365335]  sda: sda1
[    4.367604] sd 2:0:1:0: [sdb] Attached SCSI disk
[    4.375737] sd 2:0:0:0: [sda] Attached SCSI disk
Begin: Loading essential drivers ... [    6.493619] raid6: sse2x1   gen() 36296 MB/s
[    8.494044] raid6: sse2x1   xor() 182279 MB/s
[    9.495462] raid6: sse2x2   gen() 360238 MB/s
[   11.497183] raid6: sse2x2   xor() 237556 MB/s
[   11.556912] raid6: sse2x4   gen() 19888 MB/s
[   11.608946] raid6: sse2x4   xor()  8926 MB/s
[   11.614127] raid6: using algorithm sse2x2 gen() 360238 MB/s
[   11.620518] raid6: .... xor() 237556 MB/s, rmw enabled
[   11.626521] raid6: using ssse3x2 recovery algorithm
[   11.634677] xor: measuring software checksum speed
[   11.676165]    prefetch64-sse: 18081.000 MB/sec
[   11.720419]    generic_sse: 14981.000 MB/sec
[   11.725141] xor: using function: prefetch64-sse (18081.000 MB/sec)
[   11.733831] async_tx: api initialized (async)
done.
Begin: Running /scripts/init-premount ... done.
Begin: Mounting root file system ... Begin: Running /scripts/local-top ... done.
Begin: Running /scripts/local-premount ... [   11.796859] Btrfs loaded, crc32c=crc32c-intel
Scanning for Btrfs filesystems
done.
Warning: fsck not present, so skipping root file system
[   11.850585] EXT4-fs (sda1): mounted filesystem with ordered data mode. Opts: (null)
done.
Begin: Running /scripts/local-bottom ... done.
Begin: Running /scripts/init-bottom ... done.
[   12.101305] ip_tables: (C) 2000-2006 Netfilter Core Team
[   12.128178] systemd[1]: systemd 237 running in system mode. (+PAM +AUDIT +SELINUX +IMA +APPARMOR +SMACK +SYSVINIT +UTMP +LIBCRYPTSETUP +GCRYPT +GNUTLS +ACL +XZ +LZ4 +SECCOMP +BLKID +ELFUTILS +KMOD -IDN2 +IDN -PCRE2 default-hierarchy=hybrid)
[   12.150152] systemd[1]: Detected virtualization oracle.
[   12.155949] systemd[1]: Detected architecture x86-64.

Welcome to [1mUbuntu 18.04.6 LTS[0m!

[   12.197751] systemd[1]: Set hostname to <ubuntu>.
[   12.210426] random: systemd: uninitialized urandom read (16 bytes read)
[   12.218514] systemd[1]: Initializing machine ID from random generator.
[   12.225525] systemd[1]: Installed transient /etc/machine-id file.
[   12.596110] random: systemd: uninitialized urandom read (16 bytes read)
[   12.603384] systemd[1]: Set up automount Arbitrary Executable File Formats File System Automount Point.
[[0;32m  OK  [0m] Set up automount Arbitrary Executab…rmats File System Automount Point.
[   12.616883] random: systemd: uninitialized urandom read (16 bytes read)
[   12.623902] systemd[1]: Started Forward Password Requests to Wall Directory Watch.
[[0;32m  OK  [0m] Started Forward Password Requests to Wall Directory Watch.
[   12.635412] systemd[1]: Reached target System Time Synchronized.
[[0;32m  OK  [0m] Reached target System Time Synchronized.
[   12.644600] systemd[1]: Reached target User and Group Name Lookups.
[[0;32m  OK  [0m] Reached target User and Group Name Lookups.
[[0;32m  OK  [0m] Reached target Mounting snaps.
[[0;32m  OK  [0m] Reached target Mounted snaps.
[[0;32m  OK  [0m] Created slice User and Session Slice.
[[0;32m  OK  [0m] Reached target Swap.
[[0;32m  OK  [0m] Created slice System Slice.
[[0;32m  OK  [0m] Created slice system-serial\x2dgetty.slice.
[[0;32m  OK  [0m] Listening on fsck to fsckd communication Socket.
[[0;32m  OK  [0m] Listening on LVM2 poll daemon socket.
[[0;32m  OK  [0m] Listening on Journal Socket (/dev/log).
[[0;32m  OK  [0m] Listening on udev Control Socket.
[[0;32m  OK  [0m] Listening on Device-mapper event daemon FIFOs.
[[0;32m  OK  [0m] Listening on Journal Socket.
         Starting Create list of required st…ce nodes for the current kernel...
         Starting Uncomplicated firewall...
         Starting Set the console keyboard layout...
         Starting Load Kernel Modules...
[[0;32m  OK  [0m] Listening on Network Service Netlink Socket.
[[0;32m  OK  [0m] Reached target Slices.
[[0;32m  OK  [0m] Listening on LVM2 metadata daemon socket.
         Starting Monitoring of LVM2 mirrors…ng dmeventd or progress polling...
         Mounting Huge Pages File System...
         Mounting Kernel Debug File System...
[[0;32m  OK  [0m] Listening on Syslog Socket.
[[0;32m  OK  [0m] Listening on /dev/initctl Compatibility Named Pipe.
[[0;32m  OK  [0m] Listening on Journal Audit Socket.
[   12.778538] Loading iSCSI transport class v2.0-870.
         Starting Journal Service...
         Mounting POSIX Message Queue File System...
[[0;32m  OK  [0m] Listening on udev Kernel Socket.
         Starting File System Check on Root Device...
         Starting udev Coldplug all Devices...
[[0;32m  OK  [0m] Started Create list of required sta…vice nodes for the current kernel.
[[0;32m  OK  [0m] Started Uncomplicated firewall.
         [   12.837512] iscsi: registered transport (tcp)
Starting Create Static Device Nodes in /dev...
[[0;32m  OK  [0m] Started LVM2 metadata daemon.
[[0;32m  OK  [0m] Started File System Check Daemon to report status.
[[0;32m  OK  [0m] Mounted POSIX Message Queue File System.
[[0;32m  OK  [0m] Mounted Kernel Debug File System.
[[0;32m  OK  [0m] Mounted Huge Pages File System.
[[0;32m  OK  [0m] Started udev Coldplug all Devices.
[[0;32m  OK  [0m] Started Create Static Device Nodes in /dev.
[[0;32m  OK  [0m] Started Journal Service.
[   13.006986] iscsi: registered transport (iser)
[[0;32m  OK  [0m] Started Load Kernel Modules.
         Mounting FUSE Control File System...
         Starting Apply Kernel Variables...
         Mounting Kernel Configuration File System...
[[0;32m  OK  [0m] Mounted FUSE Control File System.
[[0;32m  OK  [0m] Mounted Kernel Configuration File System.
[[0;32m  OK  [0m] Started File System Check on Root Device.
         Starting Remount Root and Kernel File Systems...
[[0;32m  OK  [0m] Started Remount Root and Kernel File Systems.
         Starting Load/Save Random Seed...
         Starting Flush Journal to Persistent Storage...
         Starting udev Kernel Device Manager...
[[0;32m  OK  [0m] Started Monitoring of LVM2 mirrors,…sing dmeventd or progress polling.
[[0;32m  OK  [0m] Started Apply Kernel Variables.
[[0;32m  OK  [0m] Started Load/Save Random Seed.
[[0;32m  OK  [0m] Started Flush Journal to Persistent Storage.
[[0;32m  OK  [0m] Started udev Kernel Device Manager.
[[0;32m  OK  [0m] Found device /dev/ttyS0.
[[0;32m  OK  [0m] Listening on Load/Save RF Kill Switch Status /dev/rfkill Watch.
[[0;32m  OK  [0m] Started Set the console keyboard layout.
[[0;32m  OK  [0m] Reached target Local File Systems (Pre).
[[0;32m  OK  [0m] Reached target Local File Systems.
         Starting Tell Plymouth To Write Out Runtime Data...
         Starting Commit a transient machine-id on disk...
         Starting AppArmor initialization...
         Starting Create Volatile Files and Directories...
         Starting Set console font and keymap...
         Starting ebtables ruleset management...
[[0;32m  OK  [0m] Started Dispatch Password Requests to Console Directory Watch.
[[0;32m  OK  [0m] Reached target Local Encrypted Volumes.
[[0;32m  OK  [0m] Started Tell Plymouth To Write Out Runtime Data.
[[0;32m  OK  [0m] Started Create Volatile Files and Directories.
         Starting Update UTMP about System Boot/Shutdown...
[[0;32m  OK  [0m] Started Update UTMP about System Boot/Shutdown.
[[0;32m  OK  [0m] Started Commit a transient machine-id on disk.
[[0;32m  OK  [0m] Started ebtables ruleset management.
         Mounting Arbitrary Executable File Formats File System...
[[0;32m  OK  [0m] Mounted Arbitrary Executable File Formats File System.
[[0;32m  OK  [0m] Started AppArmor initialization.
         Starting Load AppArmor profiles managed internally by snapd...
         Starting Initial cloud-init job (pre-networking)...
[[0;32m  OK  [0m] Started Load AppArmor profiles managed internally by snapd.
[[0;32m  OK  [0m] Started Set console font and keymap.
[   17.273147] cloud-init[750]: Cloud-init v. 23.1.2-0ubuntu0~18.04.1 running 'init-local' at Tue, 14 May 2024 19:07:11 +0000. Up 16.88 seconds.
[[0;32m  OK  [0m] Started Initial cloud-init job (pre-networking).
[[0;32m  OK  [0m] Reached target Network (Pre).
         Starting Network Service...
[[0;32m  OK  [0m] Started Network Service.
         Starting Network Name Resolution...
         Starting Wait for Network to be Configured...
[[0;32m  OK  [0m] Started Network Name Resolution.
[[0;32m  OK  [0m] Reached target Host and Network Name Lookups.
[[0;32m  OK  [0m] Reached target Network.
[[0;32m  OK  [0m] Started Wait for Network to be Configured.
         Starting Initial cloud-init job (metadata service crawler)...
[   19.272338] cloud-init[900]: Cloud-init v. 23.1.2-0ubuntu0~18.04.1 running 'init' at Tue, 14 May 2024 19:07:13 +0000. Up 19.15 seconds.
[   19.280871] cloud-init[900]: ci-info: ++++++++++++++++++++++++++++++++++++++Net device info++++++++++++++++++++++++++++++++++++++
[   19.288546] cloud-init[900]: ci-info: +--------+------+----------------------------+---------------+--------+-------------------+
[   19.296363] cloud-init[900]: ci-info: | Device |  Up  |          Address           |      Mask     | Scope  |     Hw-Address    |
[   19.303781] cloud-init[900]: ci-info: +--------+------+----------------------------+---------------+--------+-------------------+
[   19.311348] cloud-init[900]: ci-info: | enp0s3 | True |         10.0.2.15          | 255.255.255.0 | global | 02:3b:7b:b7:3b:2d |
[   19.320894] cloud-init[900]: ci-info: | enp0s3 | True | fe80::3b:7bff:feb7:3b2d/64 |       .       |  link  | 02:3b:7b:b7:3b:2d |
[   19.325926] cloud-init[900]: ci-info: |   lo   | True |         127.0.0.1          |   255.0.0.0   |  host  |         .         |
[   19.331055] cloud-init[900]: ci-info: |   lo   | True |          ::1/128           |       .       |  host  |         .         |
[   19.336282] cloud-init[900]: ci-info: +--------+------+----------------------------+---------------+--------+-------------------+
[   19.341405] cloud-init[900]: ci-info: ++++++++++++++++++++++++++++Route IPv4 info+++++++++++++++++++++++++++++
[   19.345696] cloud-init[900]: ci-info: +-------+-------------+----------+-----------------+-----------+-------+
[   19.350216] cloud-init[900]: ci-info: | Route | Destination | Gateway  |     Genmask     | Interface | Flags |
[   19.354783] cloud-init[900]: ci-info: +-------+-------------+----------+-----------------+-----------+-------+
[   19.359197] cloud-init[900]: ci-info: |   0   |   0.0.0.0   | 10.0.2.2 |     0.0.0.0     |   enp0s3  |   UG  |
[   19.363555] cloud-init[900]: ci-info: |   1   |   10.0.2.0  | 0.0.0.0  |  255.255.255.0  |   enp0s3  |   U   |
[   19.367864] cloud-init[900]: ci-info: |   2   |   10.0.2.2  | 0.0.0.0  | 255.255.255.255 |   enp0s3  |   UH  |
[   19.372497] cloud-init[900]: ci-info: +-------+-------------+----------+-----------------+-----------+-------+
[   19.376875] cloud-init[900]: ci-info: +++++++++++++++++++Route IPv6 info+++++++++++++++++++
[   19.380669] cloud-init[900]: ci-info: +-------+-------------+---------+-----------+-------+
[   19.384365] cloud-init[900]: ci-info: | Route | Destination | Gateway | Interface | Flags |
[   19.387912] cloud-init[900]: ci-info: +-------+-------------+---------+-----------+-------+
[   19.391521] cloud-init[900]: ci-info: |   1   |  fe80::/64  |    ::   |   enp0s3  |   U   |
[   19.395358] cloud-init[900]: ci-info: |   3   |    local    |    ::   |   enp0s3  |   U   |
[   19.398963] cloud-init[900]: ci-info: |   4   |   ff00::/8  |    ::   |   enp0s3  |   U   |
[   19.402762] cloud-init[900]: ci-info: +-------+-------------+---------+-----------+-------+
[   20.395469] cloud-init[900]: Generating public/private rsa key pair.
[   20.398664] cloud-init[900]: Your identification has been saved in /etc/ssh/ssh_host_rsa_key.
[   20.405539] cloud-init[900]: Your public key has been saved in /etc/ssh/ssh_host_rsa_key.pub.
[   20.412167] cloud-init[900]: The key fingerprint is:
[   20.418102] cloud-init[900]: SHA256:LwtGQg77XjgEyY1XqWXQd468qv2DtE84r22J1pK1Szw root@ubuntu-bionic
[   20.424999] cloud-init[900]: The key's randomart image is:
[   20.429993] cloud-init[900]: +---[RSA 2048]----+
[   20.434644] cloud-init[900]: |    .o..         |
[   20.439686] cloud-init[900]: | . + .= . .      |
[   20.445338] cloud-init[900]: |  * ++ o +       |
[[0;32m  OK  [0m] Started Initial cloud-init job (metadata service crawler).
[   20.454169] [[0;32m  OK  [0m] Reached target Network is Online.
         Starting Availability of block devices...
[[0;32m  OK  [0m] Reached target Remote File Systems (Pre).
[[0;32m  OK  [0m] Reached target Remote File Systems.
[[0;32m  OK  [0m] Reached target Cloud-config availability.
[[0;32m  OK  [0m] Reached target System Initialization.
[[0;32m  OK  [0m] Started Daily Cleanup of Temporary Directories.
[[0;32m  OK  [0m] Started Discard unused blocks once a week.
[[0;32m  OK  [0m] Listening on D-Bus System Message Bus Socket.
[[0;32m  OK  [0m] Listening on cloud-init hotplug hook socket.
[[0;32m  OK  [0m] Listening on UUID daemon activation socket.
[[0;32m  OK  [0m] Started Daily apt download activities.
         Starting LXD - unix socket.
[[0;32m  OK  [0m] Started Ubuntu Advantage Timer for running repeated jobs.
[[0;32m  OK  [0m] Listening on Open-iSCSI iscsid Socket.
[[0;32m  OK  [0m] Started Daily apt upgrade and clean activities.
[[0;32m  OK  [0m] Started Message of the Day.
[[0;32m  OK  [0m] Reached target Timers.
[[0;32m  OK  [0m] Listening on ACPID Listen Socket.
         Starting Socket activation for snappy daemon.
[[0;32m  OK  [0m] Started ACPI Events Check.
[[0;32m  OK  [0m] Reached target Paths.
[[0;32m  OK  [0m] Started Availability of block devices.
[[0;32m  OK  [0m] Listening on Socket activation for snappy daemon.
[[0;32m  OK  [0m] Listening on LXD - unix socket.
[[0;32m  OK  [0m] Reached target Sockets.
[[0;32m  OK  [0m] Reached target Basic System.
         Starting LXD - container startup/shutdown...
         Starting Permit User Sessions...
         Starting LSB: automatic crash report generation...
         Starting System Logging Service...
         Starting Dispatcher daemon for systemd-networkd...
[[0;32m  OK  [0m] Started FUSE filesystem for LXC.
[[0;32m  OK  [0m] Started Regular background program processing daemon.
[[0;32m  OK  [0m] Reached target Login Prompts (Pre).
cloud-init[900]: |   B.   o .      |
[   20.537323] cloud-init[900]: |  . + . S.       |
[   20.542991] cloud-init[900]: |   o +.oo.       |
[   20.548412] cloud-init[900]: |    +.*OEo.      |
[   20.561587]          Starting Login Service...
         Starting Virtualbox guest utils...
         Starting LSB: Record successful boot for GRUB...
[[0;32m  OK  [0m] Started D-Bus System Message Bus.
cloud-init[900]: |   . =OB*+       |
[   20.585269] cloud-init[900]: |    ooo*Bo       |
[   20.590099] cloud-init[900]: +----[SHA256]-----+
[   20.599113] cloud-init[900]: Generating public/private dsa key pair.
[   20.605389] cloud-init[900]: Your identification has been saved in /etc/ssh/ssh_host_dsa_key.
[   20.612764] cloud-init[900]: Your public key has been saved in /etc/ssh/ssh_host_dsa_key.pub.
[   20.621245] cloud-init[900]: The key fingerprint is:
[   20.627817] cloud-init[900]: SHA256:S9tz1Tkn65hjWBTu6837ZHpLHkG2kR8Oeq3OeS7HdEc root@ubuntu-bionic
[   20.634867] cloud-init[900]: The key's randomart image is:
[   20.640570] cloud-init[900]: +---[DSA 1024]----+
[   20.646573] cloud-init[900]: |                 |
[   20.651540] cloud-init[900]: |            .   .|
[   20.661033] cloud-init[900]: |           . o * |
[   20.667496] cloud-init[900]: |            + *.E|
[   20.673385] cloud-init[900]: |        S  + .oO+|
[   20.678985] cloud-init[900]: |       . +  +..+*|
[   20.685918] cloud-init         Starting Accounts Service...
[900]: |        o oo.o+o=|
[   20.695034] cloud-init[900]: |          .o*B+Bo|
[   20.700616] cloud-init[900]: |           o+=@Bo|
[   20.705259] cloud-init[900]: +----[SHA256]-----+
[   20.711134] cloud-init[900]: Generating public/private ecdsa key pair.
[   20.717883] cloud-init[900]: Your identification has been saved in /etc/ssh/ssh_host_ecdsa_key.
[   20.725626] cloud-init[900]: Your public key has been saved in /etc/ssh/ssh_host_ecdsa_key.pub.
[   20.729651] cloud-init[900]: The key fingerprint is:
[   20.732525] cloud-init[900]: SHA256:lB+KUrZZ4t1CVD5gm6V2fdfCdCl3RexYKKrTosjW/Xw root@ubuntu-bionic
[   20.739171] cloud-init[900]: The key's randomart image is:
[   20.747245] cloud-init[900]: +---[ECDSA 256]---+
[   20.754165] cloud-init[900]: |        +.o   .+*|
[   20.760231] cloud-init[900]: |       o O ..+.+=|
[   20.765614] cloud-init[900]: |      + X =...*++|
[   20.770711] cloud-init[900]: |     + @ =.o ..o.|[[0;32m  OK  [0m] Started irqbalance daemon.

[   20.789163] cloud-init[900]: |    . = Soo      |
[   20.796989] cloud-init[900]: |     .  +..      |
[   20.805098] cloud-init[900]: |   . o o o       |
[   20.813680] cloud-init[900]: |    + o ..  E    |
[   20.817977] cloud-init[900]: |   .     .o.     |
         Starting Pollinate to seed the pseudo random number generator...
[   20.823539] cloud-init[900]: +----[SHA256]-----+
[   20.828822] cloud-init[900]: Generating public/private ed25519 key pair.
[   20.831887] cloud-init[900]: Your identification has been saved in /etc/ssh/ssh_host_ed25519_key.
[[0;32m  OK  [0m] Started Deferred execution scheduler.
[   20.844706] cloud-init[900]: Your public key has been saved in /etc/ssh/ssh_host_ed25519_key.pub.
[   20.852955] cloud-init[900]: The key fingerprint is:
[   20.855727] cloud-init[900]: SHA256:yhOhaBStt92h+oXcrNbCMu/LzV93BveceujsLMqCcKA root@ubuntu-bionic
[   20.860444] cloud-init[900]: The key's randomart image is:
[   20.863508] cloud-init[900]: +--[ED25519 256]--+
[   20.866132] cloud-init[900]: |  ..             |
[   20.868677] cloud-init[900]: |   ..            |
[   20.873472] cloud-init[900]: |  ..  .          |
[   20.875976] cloud-init[900]: | ..o.. ..        |
[   20.878220] cloud-init[900]: |  +.oo.oS.    . .|
[   20.880541] cloud-init[900]: | E ..+o*.      +o|
[   20.882798] cloud-init[900]: |    ooB.+   . o.=|
[   20.887274] cloud-init[900]: |    +o+Bo  ooo.+ |
[   20.892942] cloud-init[900]: |     BBo++o +*.  |
[   20.897841] cloud-init[900]: +----[SHA256]-----+
         Starting Snap Daemon...
[[0;32m  OK  [0m] Started System Logging Service.
[[0;32m  OK  [0m] Started Permit User Sessions.
[[0;32m  OK  [0m] Started Login Service.
         Starting Authorization Manager...
[[0;32m  OK  [0m] Started Unattended Upgrades Shutdown.
         Starting Hold until boot process finishes up...
         Starting Terminate Plymouth Boot Screen...
[[0;32m  OK  [0m] Started Hold until boot process finishes up.
         Starting Set console scheme...
[[0;32m  OK  [0m] Started Serial Getty on ttyS0.
[[0;32m  OK  [0m] Started Terminate Plymouth Boot Screen.
[[0;32m  OK  [0m] Started LSB: automatic crash report generation.
[[0;32m  OK  [0m] Started Set console scheme.
[[0;32m  OK  [0m] Created slice system-getty.slice.
[[0;32m  OK  [0m] Started Getty on tty1.
[[0;32m  OK  [0m] Reached target Login Prompts.
[[0;32m  OK  [0m] Started LXD - container startup/shutdown.
[[0;32m  OK  [0m] Started LSB: Record successful boot for GRUB.
[[0;32m  OK  [0m] Started Authorization Manager.
[[0;32m  OK  [0m] Started Accounts Service.
[[0;32m  OK  [0m] Started Dispatcher daemon for systemd-networkd.
[[0;32m  OK  [0m] Started Virtualbox guest utils.
[[0;32m  OK  [0m] Started Pollinate to seed the pseudo random number generator.
[[0;32m  OK  [0m] Started Snap Daemon.
         Starting Wait until snapd is fully seeded...
         Starting OpenBSD Secure Shell server...
[[0;32m  OK  [0m] Started OpenBSD Secure Shell server.
         Starting Time & Date Service...
[[0;32m  OK  [0m] Started Time & Date Service.
[[0;32m  OK  [0m] Started Wait until snapd is fully seeded.
         Starting Apply the settings specified in cloud-config...
[   25.096503] cloud-init[1422]: Cloud-init v. 23.1.2-0ubuntu0~18.04.1 running 'modules:config' at Tue, 14 May 2024 19:07:18 +0000. Up 24.51 seconds.
[[0;32m  OK  [0m] Started Apply the settings specified in cloud-config.
[[0;32m  OK  [0m] Reached target Multi-User System.
         Starting Execute cloud user/final scripts...
[[0;32m  OK  [0m] Reached target Graphical Interface.
         Starting Update UTMP about System Runlevel Changes...
[[0;32m  OK  [0m] Started Update UTMP about System Runlevel Changes.
[[0;32m  OK  [0m] Created slice User Slice of vagrant.
         Starting User Manager for UID 1000...
[[0;32m  OK  [0m] Started Session 1 of user vagrant.
[[0;32m  OK  [0m] Started User Manager for UID 1000.
ci-info: no authorized SSH keys fingerprints found for user ubuntu.
<14>May 14 19:07:19 cloud-init: #############################################################
<14>May 14 19:07:19 cloud-init: -----BEGIN SSH HOST KEY FINGERPRINTS-----
<14>May 14 19:07:19 cloud-init: 1024 SHA256:S9tz1Tkn65hjWBTu6837ZHpLHkG2kR8Oeq3OeS7HdEc root@ubuntu-bionic (DSA)
<14>May 14 19:07:19 cloud-init: 256 SHA256:lB+KUrZZ4t1CVD5gm6V2fdfCdCl3RexYKKrTosjW/Xw root@ubuntu-bionic (ECDSA)
<14>May 14 19:07:19 cloud-init: 256 SHA256:yhOhaBStt92h+oXcrNbCMu/LzV93BveceujsLMqCcKA root@ubuntu-bionic (ED25519)
<14>May 14 19:07:19 cloud-init: 2048 SHA256:LwtGQg77XjgEyY1XqWXQd468qv2DtE84r22J1pK1Szw root@ubuntu-bionic (RSA)
<14>May 14 19:07:19 cloud-init: -----END SSH HOST KEY FINGERPRINTS-----
<14>May 14 19:07:19 cloud-init: #############################################################
-----BEGIN SSH HOST KEY KEYS-----
ecdsa-sha2-nistp256 AAAAE2VjZHNhLXNoYTItbmlzdHAyNTYAAAAIbmlzdHAyNTYAAABBBBvTz5DKkAHoni3Yni6eUunZwyko9YgH1GFZT0JvkWX31gMqX7Wiwh+oAMJfH2HNh9wngga2/8OwsAYAqkndmOY= root@ubuntu-bionic
ssh-ed25519 AAAAC3NzaC1lZDI1NTE5AAAAIDYoPqoaNQwQ8X36vlWHDDe+V0w1MZQgm/Smy7SlSt+W root@ubuntu-bionic
ssh-rsa AAAAB3NzaC1yc2EAAAADAQABAAABAQDkLaXZho/ZcHpTPM/ocpjY640RtkKsEmj5FDLOsjs4kTx2iA5hRE9KzsD4+NQADl8C527B4q3jvW4mKUtPtlzsj/l17HF00wTL9LfEb5KXQp99AlIGWlhltcC2wzZly23V+YeFJd1SKfB4pjrq7v+coI3MYUYHRbj1cUdYIDkVB9O2BM/u/0f2/mfaUIxGr3fxJvynZP/+vDb5HfIcIskEO0fDYWzj3HKPGhF2KMRjE6uxNpKTw8N7juOnZ8sPhgAxzSAaMdY69HRfP519AGgS67d2Mo9Zal6ky0L/F3QP4LPNVv3HC3mv5IqwD/Q+WCse2JqST3RQ30qiCKeh4Ajl root@ubuntu-bionic
-----END SSH HOST KEY KEYS-----
[   25.934246] cloud-init[1472]: Cloud-init v. 23.1.2-0ubuntu0~18.04.1 running 'modules:final' at Tue, 14 May 2024 19:07:19 +0000. Up 25.60 seconds.
[   25.942691] cloud-init[1472]: Cloud-init v. 23.1.2-0ubuntu0~18.04.1 finished at Tue, 14 May 2024 19:07:20 +0000. Datasource DataSourceNoCloud [seed=/dev/sdb][dsmode=net].  Up 25.92 seconds
[[0;32m  OK  [0m] Started Execute cloud user/final scripts.
[[0;32m  OK  [0m] Reached target Cloud-init target.

Ubuntu 18.04.6 LTS ubuntu-bionic ttyS0

ubuntu-bionic login: 